-0.1887680778650024
-0.030060889857805927
-0.030098685681803808
-0.0297697907257103
-0.0410875700027503
-0.04103759013445622
-0.041164985186805836
-0.048585261237308094
-0.04855364786537707
-0.048334981495129596
-0.054348000381771885
-0.05418097292114912
-0.05417727318762232
-0.05780496488515345
-0.057651988626323515
-0.057548806564800555
-0.05865870320115823
-0.058639379560434524
-0.058700520390760756
-0.0585358369504976
-0.05855748614656657
-0.05846715555086627
-0.05778516159601876
-0.05761339465849431
-0.05751211271277962
-0.05631530587261864
-0.05604474850573682
-0.05591377115937422
-0.05450594544528364
-0.05476789991146119
-0.05424498892786162
-0.05284884430174037
-0.0526045888710333
-0.05238571291764573
-0.01261631982134212
-0.01274054983361609
-0.01277248910896684
-0.01518559861535703
-0.01544542852604078
-0.015112961772944631
-0.01805887063317865
-0.01827060693964811
-0.018380757520479896
-0.02209724213155725
-0.021786896058564376
-0.021816409435589462
-0.025909840114426014
-0.02597126362029764
-0.02579187403433389
-0.030898967469390293
-0.031094966733442454
-0.03093072165168414
-0.035384708101360685
-0.035093457331939054
-0.03460681953846714
-0.03750151865023176
-0.03734577490145102
-0.03719457674585128
-0.037408211344211045
-0.03715775471934051
-0.03651263750676615
-0.03511198258213699
-0.03453578111402901
-0.03462573620008614
-0.029092599620462678
-0.028756718563711273
-0.028735805333867277
-0.03188659220304857
-0.031761699128857644
-0.03145751417382029
-0.04041652289974723
-0.040346293165743695
-0.0404069875036379
-0.04779246799918594
-0.04787528657665971
-0.047833639091410154
-0.0534545648811585
-0.053389650308854765
-0.05333669397654337
-0.0564882323404339
-0.05687160214656774
-0.05670090573479266
-0.05846590010468488
-0.05860667112471758
-0.058716314775750275
-0.05984833664485342
-0.06001605621557769
-0.05998444842364148
-0.06083700708168417
-0.06114463192046019
-0.060937582153999824
-0.061241274625122605
-0.06138086166381599
-0.06140512980283623
-0.061430782592998195
-0.061570664686133966
-0.06155545478295613
-0.06170280156025329
-0.061848867233698424
-0.061879448369102225
-0.061986426359728085
-0.062031265693445276
-0.06221111763543387
-0.06231492512066091
-0.062414820025605555
-0.06224677559182653
-0.06249205667001538
-0.06261164608668461
-0.06252985378304705
-0.062485864757328945
-0.06256239301705757
-0.06244287471207586
-0.06227039126480328
-0.062295814872338526
-0.062199814950198044
-0.06102122473794336
-0.06114827091072607
-0.06104293055740782
-0.0589792375758845
-0.05903300881205338
-0.05903721211934079
-0.054633137131237665
-0.05463791894497356
-0.05445519190770097
-0.04897096705912029
-0.04891994447110334
-0.04883335546631037
-0.040574639415718955
-0.04072064654292089
-0.04066026960924717
-0.03448820646614219
-0.034314752665239444
-0.03454389672636892
-0.04449580144028398
-0.044733746390493365
-0.04458021444275444
-0.05177720791536508
-0.051785053725547904
-0.051702368966978815
-0.057378043850409725
-0.05744513610562956
-0.05737966648657899
-0.06055446056161333
-0.06072871813558545
-0.06048872083397801
-0.0617071343675361
-0.06176936515021472
-0.061794077706407276
-0.06252794150823533
-0.06256260824781058
-0.06255459641707269
-0.06282616210300586
-0.06289966055490874
-0.06275297183121477
-0.06291594629809444
-0.0629954967417536
-0.06285663482515454
-0.06291594629809444
-0.0629954967417536
-0.06285663482515454
-0.06291594629809444
-0.0629954967417536
-0.06285663482515454
-0.06291594629809444
-0.0629954967417536
-0.06285663482515454
-0.06291594629809444
-0.0629954967417536
-0.06285663482515454
-0.06291594629809444
-0.0629954967417536
-0.06285663482515454
-0.0628670672067973
-0.06294657227006659
-0.06285663482515454
-0.06262325085952657
-0.06257957751818012
-0.062429490213681445
-0.06181265884418271
-0.06184841843588642
-0.06178992337549555
-0.059824862732490575
-0.059882631313863365
-0.059737560001432405
-0.05616244598102922
-0.056101958272561536
-0.05601787690354776
-0.0509001594797867
-0.05099534597328653
-0.05074285109334077
-0.04386683533328687
-0.043669727847155726
-0.043461329182219816
-0.06248675929319088
-0.06241681789453911
-0.06230063502025672
-0.062295460585560236
-0.06227211162730095
-0.06207256390357231
-0.061730211555852274
-0.061559947569703205
-0.06131738984702852
-0.061171688449690134
-0.06114582021418911
-0.06090775779265322
-0.060898797850876644
-0.06085537865491948
-0.06053106396486837
-0.060242917926576864
-0.060103749538893345
-0.059914636414647886
-0.05919224385397114
-0.05917001707045418
-0.05891616674423336
-0.05792043385992413
-0.05775817017556403
-0.057615775706719385
-0.05631530587261864
-0.05604474850573682
-0.05591377115937422
-0.05450594544528364
-0.05476789991146119
-0.05424498892786162
-0.05284884430174037
-0.0526045888710333
-0.05238571291764573
-0.01261631982134212
-0.01274054983361609
-0.01277248910896684
-0.01518559861535703
-0.01544542852604078
-0.015112961772944631
-0.01805887063317865
-0.01827060693964811
-0.018380757520479896
-0.02209724213155725
-0.021786896058564376
-0.021816409435589462
-0.026100977254776368
-0.02610626401946759
-0.025952326801697723
-0.03133947926057308
-0.03145801026715757
-0.031214362625336202
-0.036769565061527225
-0.03636931029179396
-0.036056722932547774
-0.040820512803552145
-0.04069669506343999
-0.04030502846892047
-0.04395295915843662
-0.04369939724947094
-0.043434753186238635
-0.046929631817287515
-0.04652865587585161
-0.04689085864172681
-0.04931590662207548
-0.04919449649842536
-0.049017309662749975
-0.05135729849244435
-0.05123626300764693
-0.05094877793951005
-0.05305907684155358
-0.05312332972977452
-0.05313682383291756
-0.05533321659488506
-0.055282381385302955
-0.05508669636807668
-0.05698975403651833
-0.056974958390586077
-0.056715365308224075
-0.05814902743059481
-0.058384983076124816
-0.05816914487373218
-0.05928706034111
-0.05945918203758768
-0.05931012480836716
-0.06011719703858786
-0.06025845192249493
-0.060189327756448203
-0.06083700708168417
-0.06119430046251829
-0.060937582153999824
-0.061241274625122605
-0.06138086166381599
-0.06140512980283623
-0.061430782592998195
-0.061570664686133966
-0.06155545478295613
-0.06170280156025329
-0.061848867233698424
-0.061879448369102225
-0.061986426359728085
-0.062031265693445276
-0.06221111763543387
-0.06231492512066091
-0.062414820025605555
-0.06224677559182653
-0.06249205667001538
-0.06261164608668461
-0.06252985378304705
-0.06258317381921145
-0.06270532642037192
-0.0626210452861153
-0.06272317394308499
-0.06280197224842139
-0.06270894494144724
-0.06277160653593408
-0.06289704766005585
-0.06270894494144724
-0.06291594629809444
-0.06289704766005585
-0.06280826070759613
-0.06291594629809444
-0.0629954967417536
-0.06285663482515454
-0.06291594629809444
-0.0629954967417536
-0.06285663482515454
-0.06291594629809444
-0.0629954967417536
-0.06285663482515454
-0.06291594629809444
-0.0629954967417536
-0.06285663482515454
-0.06291594629809444
-0.0629954967417536
-0.06285663482515454
-0.06291594629809444
-0.0629954967417536
-0.06285663482515454
-0.06291594629809444
-0.0629954967417536
-0.06285663482515454
-0.06291594629809444
-0.0629954967417536
-0.06285663482515454
-0.06291594629809444
-0.0629954967417536
-0.06285663482515454
-0.06291594629809444
-0.0629954967417536
-0.06285663482515454
-0.06291594629809444
-0.0629954967417536
-0.06285663482515454
-0.06291594629809444
-0.0629954967417536
-0.06285663482515454
-0.06291594629809444
-0.0629954967417536
-0.06285663482515454
-0.06291594629809444
-0.0629954967417536
-0.06285663482515454
-0.06291594629809444
-0.0629954967417536
-0.06285663482515454
-0.06291594629809444
-0.0629954967417536
-0.06285663482515454
-0.06291594629809444
-0.0629954967417536
-0.06285663482515454
-0.06291594629809444
-0.0629954967417536
-0.06285663482515454
-0.06291594629809444
-0.0629954967417536
-0.06285663482515454
-0.06291594629809444
-0.0629954967417536
-0.06285663482515454
-0.06276989195715801
-0.06285042033357761
-0.06275907335682733
-0.06267152767630942
-0.06280307622684589
-0.0626672256446762
-0.06262042084024241
-0.0626118114017502
-0.06243723277933972
-0.06252399002957534
-0.0625654423079767
-0.06234941159924738
-0.030264447436855024
-0.030402315439788587
-0.03014212068185565
-0.03448820646614219
-0.034314752665239444
-0.03454389672636892
-0.03799547044576594
-0.03816018618805465
-0.037915929046470065
-0.04153320140998682
-0.04152765151841168
-0.04166600109272554
-0.04449580144028398
-0.044733746390493365
-0.04458021444275444
-0.04726926816041705
-0.04737670961193551
-0.04741736474374675
-0.04968860969453692
-0.049760136628131287
-0.04959187290252484
-0.05177720791536508
-0.051785053725547904
-0.051702368966978815
-0.053996802326471166
-0.05408176404088783
-0.05408557927479583
-0.05596451718990615
-0.055936516232272616
-0.055929911041458495
-0.057378043850409725
-0.05744513610562956
-0.05737966648657899
-0.05881681385648225
-0.05879721407143333
-0.05892822049382387
-0.05973952784073013
-0.05974413347873934
-0.05972957250561411
-0.06055446056161333
-0.06072871813558545
-0.06048872083397801
-0.061076676706809344
-0.061154706812506884
-0.061142762248075744
-0.06128644486923955
-0.06143926875910724
-0.06159298097473954
-0.0617071343675361
-0.06176936515021472
-0.061794077706407276
-0.06205065621272846
-0.06204599114889816
-0.062163235193794984
-0.06225953939462094
-0.06238296581786601
-0.06240762363178744
-0.06252794150823533
-0.06256260824781058
-0.06255459641707269
-0.06264708590436004
-0.0627056688911367
-0.0626517554923478
-0.06278067403418906
-0.06285072122468388
-0.06275297183121477
-0.06282616210300586
-0.06289966055490874
-0.06275297183121477
-0.06291594629809444
-0.0629458281996955
-0.06285663482515454
-0.06291594629809444
-0.0629954967417536
-0.06285663482515454
-0.06291594629809444
-0.0629954967417536
-0.06285663482515454
-0.06291594629809444
-0.0629954967417536
-0.06285663482515454
-0.06291594629809444
-0.0629954967417536
-0.06285663482515454
-0.06291594629809444
-0.0629954967417536
-0.06285663482515454
-0.06291594629809444
-0.0629954967417536
-0.06285663482515454
-0.06291594629809444
-0.0629954967417536
-0.06285663482515454
-0.06291594629809444
-0.0629954967417536
-0.06285663482515454
-0.06291594629809444
-0.0629954967417536
-0.06285663482515454
-0.06291594629809444
-0.0629954967417536
-0.06285663482515454
-0.06291594629809444
-0.0629954967417536
-0.06285663482515454
-0.06291594629809444
-0.0629954967417536
-0.06285663482515454
-0.06291594629809444
-0.0629954967417536
-0.06285663482515454
-0.06291594629809444
-0.0629954967417536
-0.06285663482515454
-0.06291594629809444
-0.0629954967417536
-0.06285663482515454
-0.06291594629809444
-0.0629954967417536
-0.06285663482515454
-0.06291594629809444
-0.0629954967417536
-0.06285663482515454
-0.06291594629809444
-0.0629954967417536
-0.06285663482515454
-0.06291594629809444
-0.0629954967417536
-0.06285663482515454
-0.0628670672067973
-0.06294657227006659
-0.06285663482515454
-0.06281863723621195
-0.06285256333843924
-0.0626784642511151
-0.06267352209958023
-0.06271971733267187
-0.0626059868528056
-0.06262325085952657
-0.06257957751818012
-0.062429490213681445
-0.06246316361981274
-0.062489339365670755
-0.062347504833905325
-0.06216443248943609
-0.062259394064772544
-0.0622633164047707
-0.06181265884418271
-0.06184841843588642
-0.06178992337549555
-0.06116556450010373
-0.06124671999242382
-0.06119062044111511
-0.06072174869110926
-0.060642272633193224
-0.06053621224844389
-0.059970917073427
-0.06002770772203936
-0.059835121469759625
-0.0589792375758845
-0.05913145789375112
-0.059085586236899204
-0.05789828018084045
-0.0577675483777905
-0.05817298103189752
-0.056406864602814265
-0.05629437878746927
-0.0562072860840261
-0.054633137131237665
-0.05463791894497356
-0.05445519190770097
-0.05310846123378201
-0.053140464117203065
-0.053030542589330834
-0.05114457810157174
-0.05127632201128924
-0.05106787146319458
-0.04897096705912029
-0.04891994447110334
-0.04883335546631037
-0.04644133325263972
-0.04642833175609587
-0.046292382459842144
-0.044055234022756906
-0.04394563358695028
-0.04378809567017294
-0.040574639415718955
-0.04072064654292089
-0.04066026960924717
-0.03730749823786831
-0.036901003071394434
-0.0370844721711193
-0.05029962647675234
-0.05025494690813747
-0.05008414571618761
-0.04773034768273743
-0.04755006821571276
-0.04774367305220984
-0.044857075664915806
-0.044724889802105414
-0.04447587730467456
-0.04081870416653723
-0.041208600683189135
-0.04104022538956499
-0.03676368198515422
-0.03674845371237412
-0.036814112818471675
-0.031265465020045825
-0.031164427331329906
-0.03133259475308651
-0.025337040589748616
-0.025548815301254017
-0.025929392709976743
-0.05029962647675234
-0.05025494690813747
-0.05008414571618761
-0.04773034768273743
-0.04755006821571276
-0.04774367305220984
-0.044857075664915806
-0.044724889802105414
-0.04447587730467456
-0.04081870416653723
-0.041208600683189135
-0.04104022538956499
-0.036814969043318116
-0.03688923272228592
-0.036904308023456754
-0.03157646703752145
-0.031537486474595894
-0.031642272199818265
-0.026146381236567293
-0.026626186449959507
-0.026799911892606693
-0.03242586943538499
-0.03231813221273516
-0.032530844294546356
-0.0326514988612395
-0.0325931813019649
-0.03271451414329881
-0.0203967615306087
-0.020421773476339354
-0.020978404286046234
-0.02209543349454238
-0.022298801678313527
-0.022551606356234034
-0.020223307001612845
-0.020437777934713974
-0.02028150432888262
-0.025608448060226222
-0.026094493670359077
-0.02577216265403518
-0.022341306882375588
-0.022274850198832657
-0.022196365215907312
-0.022341306882375588
-0.022274850198832657
-0.022196365215907312
-0.0284277398319523
-0.02868074407651402
-0.028312738098785557
-0.0284277398319523
-0.02868074407651402
-0.028312738098785557
-0.019470706289395838
-0.019474563878789177
-0.019491263765689684
-0.02492047585232855
-0.024835310553698815
-0.024940705778684413
-0.0186571546962885
-0.018895714460820875
-0.018888082417027535
-0.018860712275337605
-0.01904986315480327
-0.019068539154981547
-0.021207890582809943
-0.021234521492844605
-0.020907578716766455
-0.02138274488810767
-0.021467845223341817
-0.021190633732428965
-0.018420144857810527
-0.018261750351260153
-0.01827642038240006
-0.018420144857810527
-0.018261750351260153
-0.01827642038240006
-0.015700249889570958
-0.015982709397862463
-0.01651790508256468
-0.018962987139657862
-0.019296099492282583
-0.019421881638915877
-0.011329350670502726
-0.01189255064206682
-0.011666646259755982
-0.015986314480806996
-0.016466840865901954
-0.01596577618342772
-0.011817649235150511
-0.011992874761822552
-0.012265122441640608
-0.01647461304545478
-0.016567164985657686
-0.016564252365312362
-0.013944979238974243
-0.014075552270650245
-0.014023279358844114
-0.013944979238974243
-0.014075552270650245
-0.014023279358844114
-0.012642553941806347
-0.012777036564030798
-0.012729836329279633
-0.015646678137677453
-0.015618787129818018
-0.015439270081407762
-0.013144950318544187
-0.01300629970432608
-0.012982408351898919
-0.01322733660355757
-0.013235360113622273
-0.013264761922629676
-0.008214898617405623
-0.008144284507683106
-0.008348666837252007
-0.013600039676019002
-0.013801000243328221
-0.013839325162404551
-0.0053851410586133715
-0.0056567157356451105
-0.0054906583251525575
-0.011720261360455769
-0.01161646542846364
-0.011694381685998893
-0.011771368196522778
-0.01171917473046436
-0.011788763361959886
-0.006544747814225595
-0.0065416425301304095
-0.006922115679472441
-0.009807485064312501
-0.009855032624550548
-0.009826092235823649
-0.010067101996354095
-0.010390907870720261
-0.010470921907508734
-0.010067101996354095
-0.010390907870720261
-0.010470921907508734
-0.011138738382729387
-0.011210443016205659
-0.011154265858175694
-0.011138738382729387
-0.011210443016205659
-0.011154265858175694
-0.007540748595699122
-0.007407094808643232
-0.007253057276666489
-0.008919143971623302
-0.008913732700865713
-0.008771055550358682
-0.006823688067918274
-0.006964847293039921
-0.00673048460503089
-0.006951429108188341
-0.007058980509480961
-0.0069267237836960005
-0.0054497695629327075
-0.005360746674909643
-0.005449442012994737
-0.01155864780565014
-0.01175923373410666
-0.011907856885644484
-0.006852745260669793
-0.007030416446191818
-0.007010377240108838
-0.009856869456540901
-0.009872167011979047
-0.009719810992236975
-0.006108878242717418
-0.006398487059197005
-0.006458414872649756
-0.004656963810304268
-0.00457429022383513
-0.004299129923671755
-0.003262737250086906
-0.003313390094420133
-0.002903976556351205
-0.008282809166856855
-0.008357577796780027
-0.00840144291745351
-0.008282809166856855
-0.008357577796780027
-0.00840144291745351
-0.006509081695280267
-0.006701117954284338
-0.006649348741128377
-0.006509081695280267
-0.006701117954284338
-0.006649348741128377
-0.0033189941533203825
-0.0033509201619889334
-0.00311045172306916
-0.0050176661172540585
-0.00522794836396311
-0.004683653793256963
-0.008410000852810826
-0.008227596830292378
-0.008611645897292823
-0.008410000852810826
-0.008227596830292378
-0.008611645897292823
-0.0066006404254758235
-0.006950748236016754
-0.006942863665780235
-0.0066006404254758235
-0.006950748236016754
-0.006942863665780235
-0.005537902447684769
-0.005550360636124018
-0.00547696833857552
-0.005537902447684769
-0.005550360636124018
-0.00547696833857552
-0.0035351891553598224
-0.003585308081731271
-0.0033786713316807195
-0.0040991324416122235
-0.004198282670320272
-0.003928414331330651
-0.0030041241958711005
-0.002841750565787222
-0.0027094337521281326
-0.0013783953759241808
-0.0015066378922224805
-0.001517998273692196
-0.007582729703209422
-0.007713115356450601
-0.007769938457077861
-0.006204334327285239
-0.006206477464228119
-0.006251940183385666
-0.0053622489753237515
-0.0054075637625784975
-0.005591526517280515
-0.005926192261576153
-0.006020538351167499
-0.006141269516930445
-0.004588444366375445
-0.004283104665939126
-0.004441856513283086
-0.004766918867499669
-0.004610513665628782
-0.004687489951422347
-0.0016986719639336765
-0.0018770282019741774
-0.0015732020701878001
-0.003936708722209995
-0.003864038848002495
-0.003771048588255266
-0.003936708722209995
-0.003864038848002495
-0.003771048588255266
-0.0029450292246674904
-0.002967789019714265
-0.0030215133553948693
-0.0029450292246674904
-0.002967789019714265
-0.0030215133553948693
-0.0013848569601665468
-0.0012758529598549033
-0.0014499033940806475
-0.002194197606985231
-0.0023532241085603978
-0.002320422576710599
-0.0049955124381703495
-0.0052373265661895445
-0.005240859118435082
-0.0049955124381703495
-0.0052373265661895445
-0.005240859118435082
-0.0037237024441233333
-0.0038254796712993964
-0.003940468080921115
-0.0037237024441233333
-0.0038254796712993964
-0.003940468080921115
-0.0030938329657231953
-0.003203390028595946
-0.002982257400067808
-0.0031764184573643407
-0.0032513632630142616
-0.0031270623195403992
-0.002361485736481154
-0.002266778606168154
-0.0023679139911765117
-0.002361485736481154
-0.002266778606168154
-0.0023679139911765117
-0.003584756108043579
-0.003439320024180546
-0.0034469204180446874
-0.0036288859569844744
-0.0035363147041659083
-0.0035465100167873633
-0.002798749259506619
-0.002689612675558969
-0.002667307068706312
-0.002798749259506619
-0.002737044819258662
-0.002667307068706312
-0.0020789392164103034
-0.001801196279235319
-0.0019190526711546838
-0.0020789392164103034
-0.001801196279235319
-0.0019190526711546838
-8.093406468186839E-4
-0.0010773711487054942
-8.705191826299519E-4
-0.0017503817979907634
-0.001748776749329802
-0.0016660143840393931
-0.0017503817979907634
-0.001748776749329802
-0.0016660143840393931
-0.0011032874539117707
-0.0011470783058672085
-0.00106671144965898
-0.0011032874539117707
-0.0011470783058672085
-0.00106671144965898
-0.002627741668081319
-0.0027998891986727
-0.0028924605839787355
-0.0026730283715176184
-0.002891747202860252
-0.0029419984105066095
-0.0019345629555766921
-0.002092144852415818
-0.0021807659408135385
-0.0020171484472178373
-0.0021401180868341335
-0.0023255708602861296
-0.0016165168081342808
-0.0017555433111234627
-0.0017526378538361834
-0.0017442578484043493
-0.0018496765275645027
-0.001948877032501294
-0.0011033484572288191
-0.0012064887627542206
-0.0012568914073952386
-0.0011857347422422034
-0.0014355491720504112
-0.001539244978125995
-0.0016607950901609202
-0.0015133809295570762
-0.0014682391389395076
-0.0018392695912851443
-0.0018407899292467327
-0.0017138725770787678
-0.0015842147254186427
-0.0014643699784588219
-0.0012141160238871144
-0.0016295014288549422
-0.0015562279826463743
-0.0012636538504149884
-0.0012088119305583827
-0.0012261315915388974
-0.001062557118747256
-0.0012088119305583827
-0.0012261315915388974
-0.001062557118747256
-8.211602364251289E-4
-8.525109128701034E-4
-5.93810032616873E-4
-8.65290085366024E-4
-9.495055928554654E-4
-6.933996313595489E-4
-6.564069034735478E-4
-6.125309238876201E-4
-4.4901119336709136E-4
-6.564069034735478E-4
-6.125309238876201E-4
-4.4901119336709136E-4
-3.880047898591434E-4
-4.328884939430593E-4
-3.0203840808184026E-4
-3.880047898591434E-4
-4.328884939430593E-4
-3.0203840808184026E-4
-5.639432862524007E-4
-6.129745885890011E-4
-5.497429996499305E-4
-1.7847450112422404E-4
-3.2740899968965664E-4
-2.456334381392604E-4
-0.0016746716729718627
-0.0016146350779376174
-0.0014515050223182753
-0.0016746716729718627
-0.0016146350779376174
-0.0014515050223182753
-0.0014851637050962657
-0.0014248320556196402
-0.001301180042198378
-0.0014851637050962657
-0.0014248320556196402
-0.001301180042198378
-0.0012131447378411846
-0.001146629508055191
-9.77186456052294E-4
-0.0012131447378411846
-0.001146629508055191
-9.77186456052294E-4
-9.2951993836638E-4
-9.642310483083405E-4
-6.455171897206478E-4
-9.2951993836638E-4
-9.642310483083405E-4
-6.455171897206478E-4
-6.010211774335575E-4
-5.806767161480725E-4
-6.098592333279855E-4
-6.010211774335575E-4
-5.806767161480725E-4
-6.098592333279855E-4
-3.11002017475621E-4
-3.7305914326599306E-4
-3.096774467317544E-4
-7.515138086584024E-4
-7.361026769811028E-4
-5.933184203838125E-4
-4.5278267828173724E-4
-5.06157376082887E-4
-5.091299912491928E-4
-2.926954385679006E-4
-4.159192235735261E-4
-4.2714461147307347E-4
-2.926954385679006E-4
-4.159192235735261E-4
-4.2714461147307347E-4
-4.5278267828173724E-4
-5.06157376082887E-4
-5.091299912491928E-4
-5.128705816389383E-5
-1.4077900991180353E-4
-9.0195204985082E-5
-2.4242419851424696E-4
-2.757794090817512E-4
-2.5064797234891715E-4
-9.730906188250068E-5
-1.4293340331437735E-4
-1.7817057403942413E-4
-9.730906188250068E-5
-1.4293340331437735E-4
-1.7817057403942413E-4
-1.9113714035035313E-4
-1.350003991699477E-4
-1.604527673638351E-4
-4.405117911827814E-4
-3.630435337151099E-4
-2.83640973652058E-4
-4.8879091297153334E-5
-4.892447168701573E-5
0.0
-4.8879091297153334E-5
-4.892447168701573E-5
0.0
-4.456314072365231E-4
-4.900613839554669E-4
-5.010159059197038E-4
-6.204857125342478E-4
-7.233851144526749E-4
-7.840709215822142E-4
-2.035575790491001E-4
-3.036297579847788E-4
-3.723299561453454E-4
-4.2918700490360723E-4
-5.786788472145166E-4
-5.559998048977993E-4
-2.035575790491001E-4
-1.5414869398239157E-4
-1.804567379540168E-4
-3.9195626851914637E-4
-4.3005443377694207E-4
-5.072232259071417E-4
-5.110683606700981E-5
-1.0270930200071798E-4
-9.438167596099488E-5
-2.955254578520527E-4
-3.8368534000342335E-4
-4.1940204581480793E-4
-2.444186217850429E-4
-1.9242051490772532E-4
-1.8940918047833898E-4
-2.444186217850429E-4
-1.9242051490772532E-4
-1.8940918047833898E-4
-1.4605434093642526E-4
-1.4507640817598938E-4
-9.756146832721728E-5
-1.4605434093642526E-4
-1.4507640817598938E-4
-9.756146832721728E-5
-2.444186217850429E-4
-2.8097603800270537E-4
-3.2502036985381313E-4
-1.883986894700462E-4
-2.7590573979455044E-4
-3.2676648795312494E-4
-2.256294258545071E-4
-2.7504908922973783E-4
-1.83669848752454E-4
-1.7485430529772469E-4
-2.3332373049720807E-4
-2.8305501566251045E-4
-8.238628501338423E-5
-2.2906040929619018E-4
-2.823535707307565E-4
-1.2774104027006843E-4
-9.413321644104E-5
-1.9623917866511088E-4
-8.25854916411451E-5
-4.797323441831605E-5
-1.448049194725912E-4
-4.528670343629915E-5
-9.185800418755273E-5
-4.953782652787393E-5
-2.688603937344374E-4
-2.423957069172423E-4
-2.0487933280672553E-4
-2.688603937344374E-4
-2.898278506169349E-4
-2.0487933280672553E-4
-1.3527226390538735E-4
-1.4477551706972597E-4
-1.0366299393977526E-4
-8.97841950885877E-5
-9.583618684487241E-5
-1.0366299393977526E-4
-1.3527226390538735E-4
-1.4477551706972597E-4
-1.0366299393977526E-4
-8.97841950885877E-5
-9.583618684487241E-5
-1.0366299393977526E-4
0.0
-4.966854205809348E-5
0.0
0.0
-4.966854205809348E-5
0.0
-4.412984894089518E-5
-9.699467998536194E-5
-9.958959874267577E-5
0.0
-4.7432143699692596E-5
0.0
-4.238896280790925E-4
-3.8385065506900905E-4
-3.267810421074709E-4
-4.238896280790925E-4
-3.8385065506900905E-4
-3.267810421074709E-4
-3.327724788830314E-4
-2.9017032138168734E-4
-2.3558953903923504E-4
-3.327724788830314E-4
-2.9017032138168734E-4
-2.3558953903923504E-4
-1.9277235500946268E-4
-1.9352449333221485E-4
-1.4768988370728167E-4
-1.9277235500946268E-4
-1.9352449333221485E-4
-1.4768988370728167E-4
-1.4433976216036306E-4
-9.844908169774749E-5
-1.4768988370728167E-4
-1.4433976216036306E-4
-9.844908169774749E-5
-1.4768988370728167E-4
0.0
-9.844908169774749E-5
-4.8374117558416365E-5
0.0
-9.844908169774749E-5
-4.8374117558416365E-5
0.0
0.0
0.0
0.0
0.0
0.0
0.0
0.0
0.0
0.0
0.0
0.0
0.0
0.0
0.0
0.0
0.0
0.0
0.0
0.0
0.0
0.0
0.0
0.0
0.0
0.0
0.0
0.0
0.0
0.0
0.0
0.0
0.0
0.0
0.0
0.0
0.0
0.0
0.0
0.0
0.0
0.0
0.0
0.0
0.0
0.0
0.0
0.0
0.0
0.0
0.0
0.0
0.0
0.0
0.0
0.0
0.0
0.0
0.0
0.0
0.0
0.0
0.0
0.0
0.0
0.0
0.0
0.0
0.0
0.0
0.0
0.0
0.0
0.0
0.0
0.0
0.0
0.0
0.0
0.0
0.0
0.0
0.0
0.0
0.0
0.0
0.0
0.0
0.0
0.0
0.0
0.0
0.0
0.0
0.0
0.0
0.0
0.0
0.0
0.0
0.0
0.0
0.0
0.0
0.0
0.0
0.0
0.0
0.0
0.0
0.0
0.0
0.0
0.0
0.0
0.0
0.0
0.0
0.0
0.0
0.0
0.0
0.0
0.0
0.0
0.0
0.0
0.0
0.0
0.0
0.0
0.0
0.0
0.0
0.0
0.0
0.0
0.0
0.0
0.0
0.0
0.0
0.0
0.0
0.0
0.0
0.0
0.0
0.0
0.0
0.0
0.0
0.0
0.0
0.0
0.0
0.0
0.0
0.0
0.0
0.0
0.0
0.0
0.0
0.0
0.0
0.0
0.0
0.0
0.0
0.0
0.0
0.0
0.0
0.0
0.0
0.0
0.0
0.0
0.0
0.0
0.0
0.0
0.0
0.0
0.0
0.0
0.0
0.0
0.0
0.0
0.0
0.0
0.0
0.0
0.0
0.0
0.0
0.0
0.0
0.0
0.0
0.0
0.0
0.0
0.0
0.0
0.0
0.0
0.0
0.0
0.0
0.0
0.0
0.0
0.0
0.0
0.0
0.0
0.0
0.0
0.0
0.0
0.0
0.0
0.0
0.0
0.0
0.0
0.0
0.0
0.0
0.0
0.0
0.0
0.0
0.0
0.0
0.0
0.0
0.0
0.0
0.0
0.0
0.0
0.0
0.0
0.0
0.0
0.0
0.0
0.0
0.0
0.0
0.0
0.0
0.0
0.0
0.0
0.0
0.0
0.0
0.0
0.0
0.0
0.0
0.0
0.0
0.0
0.0
0.0
0.0
0.0
0.0
0.0
0.0
0.0
0.0
0.0
0.0
0.0
0.0
0.0
0.0
0.0
0.0
0.0
0.0
0.0
0.0
0.0
0.0
0.0
0.0
0.0
0.0
0.0
0.0
0.0
0.0
0.0
0.0
0.0
0.0
0.0
0.0
0.0
0.0
0.0
0.0
0.0
0.0
0.0
0.0
0.0
0.0
0.0
0.0
0.0
0.0
0.0
0.0
0.0
0.0
0.0
0.0
0.0
0.0
0.0
0.0
0.0
0.0
0.0
0.0
0.0
0.0
0.0
0.0
0.0
0.0
0.0
0.0
0.0
0.0
0.0
0.0
0.0
0.0
0.0
0.0
0.0
0.0
0.0
0.0
0.0
0.0
0.0
0.0
0.0
0.0
0.0
0.0
0.0
0.0
0.0
0.0
0.0
0.0
0.0
0.0
0.0
0.0
0.0
0.0
0.0
0.0
0.0
0.0
0.0
0.0
0.0
0.0
0.0
0.0
0.0
0.0
0.0
0.0
0.0
0.0
0.0
0.0
0.0
0.0
0.0
0.0
0.0
0.0
0.0
0.0
0.0
0.0
0.0
0.0
0.0
0.0
0.0
0.0
0.0
0.0
0.0
0.0
0.0
0.0
0.0
0.0
0.0
0.0
0.0
0.0
0.0
0.0
0.0
0.0
0.0
0.0
0.0
0.0
0.0
0.0
0.0
0.0
0.0
0.0
0.0
0.0
0.0
0.0
0.0
0.0
0.0
0.0
0.0
0.0
0.0
0.0
0.0
0.0
0.0
0.0
0.0
0.0
0.0
0.0
0.0
0.0
0.0
0.0
0.0
0.0
0.0
0.0
0.0
0.0
0.0
0.0
0.0
0.0
0.0
0.0
0.0
0.0
0.0
0.0
0.0
0.0
0.0
0.0
0.0
0.0
0.0
0.0
0.0
0.0
0.0
0.0
0.0
0.0
0.0
0.0
0.0
0.0
0.0
0.0
0.0
0.0
0.0
0.0
0.0
0.0
0.0
0.0
0.0
0.0
0.0
0.0
0.0
0.0
0.0
0.0
0.0
0.0
0.0
0.0
0.0
0.0
0.0
0.0
0.0
0.0
0.0
0.0
0.0
0.0
0.0
0.0
0.0
0.0
0.0
0.0
0.0
0.0
0.0
0.0
0.0
0.0
0.0
0.0
0.0
0.0
0.0
0.0
0.0
0.0
0.0
0.0
0.0
0.0
0.0
0.0
0.0
0.0
0.0
0.0
0.0
0.0
0.0
0.0
0.0
0.0
0.0
0.0
0.0
0.0
0.0
0.0
0.0
0.0
0.0
0.0
0.0
0.0
0.0
0.0
0.0
0.0
0.0
0.0
0.0
0.0
0.0
0.0
0.0
0.0
0.0
0.0
0.0
0.0
0.0
0.0
0.0
0.0
0.0
0.0
0.0
0.0
0.0
0.0
0.0
0.0
0.0
0.0
0.0
0.0
0.0
0.0
0.0
0.0
0.0
0.0
0.0
0.0
0.0
0.0
0.0
0.0
0.0
0.0
0.0
0.0
0.0
0.0
0.0
0.0
0.0
0.0
0.0
0.0
0.0
0.0
0.0
0.0
0.0
0.0
0.0
0.0
0.0
0.0
0.0
0.0
0.0
0.0
0.0
0.0
0.0
0.0
0.0
0.0
0.0
0.0
0.0
0.0
0.0
0.0
0.0
0.0
0.0
0.0
0.0
0.0
0.0
0.0
0.0
0.0
0.0
0.0
0.0
0.0
0.0
0.0
0.0
0.0
0.0
0.0
0.0
0.0
0.0
0.0
0.0
0.0
0.0
0.0
0.0
0.0
0.0
0.0
0.0
0.0
0.0
0.0
0.0
0.0
0.0
0.0
0.0
0.0
0.0
0.0
0.0
0.0
0.0
0.0
0.0
0.0
0.0
0.0
0.0
0.0
0.0
0.0
0.0
0.0
0.0
0.0
0.0
0.0
0.0
0.0
0.0
0.0
0.0
0.0
0.0
0.0
0.0
0.0
0.0
0.0
0.0
0.0
0.0
0.0
0.0
0.0
0.0
0.0
0.0
0.0
0.0
0.0
0.0
0.0
0.0
0.0
0.0
0.0
0.0
0.0
0.0
0.0
0.0
0.0
0.0
0.0
0.0
0.0
0.0
0.0
0.0
0.0
0.0
0.0
0.0
0.0
0.0
0.0
0.0
0.0
0.0
0.0
0.0
0.0
0.0
0.0
0.0
0.0
0.0
0.0
0.0
0.0
0.0
0.0
0.0
0.0
0.0
0.0
0.0
0.0
0.0
0.0
0.0
0.0
0.0
0.0
0.0
0.0
0.0
0.0
0.0
0.0
0.0
0.0
0.0
0.0
0.0
0.0
0.0
0.0
0.0
0.0
0.0
0.0
0.0
0.0
0.0
0.0
0.0
0.0
0.0
0.0
0.0
0.0
0.0
0.0
0.0
0.0
0.0
0.0
0.0
0.0
0.0
0.0
0.0
0.0
0.0
0.0
0.0
0.0
0.0
0.0
0.0
0.0
0.0
0.0
0.0
0.0
0.0
0.0
0.0
0.0
0.0
0.0
0.0
0.0
0.0
0.0
0.0
0.0
0.0
0.0
0.0
0.0
0.0
0.0
0.0
0.0
0.0
0.0
0.0
0.0
0.0
0.0
0.0
0.0
0.0
0.0
0.0
0.0
0.0
0.0
0.0
0.0
0.0
0.0
0.0
0.0
0.0
0.0
0.0
0.0
0.0
0.0
0.0
0.0
0.0
0.0
0.0
0.0
0.0
0.0
0.0
0.0
0.0
0.0
0.0
0.0
0.0
0.0
0.0
0.0
0.0
0.0
0.0
0.0
0.0
0.0
0.0
0.0
0.0
0.0
0.0
0.0
0.0
0.0
0.0
0.0
0.0
0.0
0.0
0.0
0.0
0.0
0.0
0.0
0.0
0.0
0.0
0.0
0.0
0.0
0.0
0.0
0.0
0.0
0.0
0.0
0.0
0.0
0.0
0.0
0.0
0.0
0.0
0.0
0.0
0.0
0.0
0.0
0.0
0.0
0.0
0.0
0.0
0.0
0.0
0.0
0.0
0.0
0.0
0.0
0.0
0.0
0.0
0.0
0.0
0.0
0.0
0.0
0.0
0.0
0.0
0.0
0.0
0.0
0.0
0.0
0.0
0.0
0.0
0.0
0.0
0.0
0.0
0.0
0.0
0.0
0.0
0.0
0.0
0.0
0.0
0.0
0.0
0.0
0.0
0.0
0.0
0.0
0.0
0.0
0.0
0.0
0.0
0.0
0.0
0.0
0.0
0.0
0.0
0.0
0.0
0.0
0.0
0.0
0.0
0.0
0.0
0.0
0.0
0.0
0.0
0.0
0.0
0.0
0.0
0.0
0.0
0.0
0.0
0.0
0.0
0.0
0.0
0.0
0.0
0.0
0.0
0.0
0.0
0.0
0.0
0.0
0.0
0.0
0.0
0.0
0.0
0.0
0.0
0.0
0.0
0.0
0.0
0.0
0.0
0.0
0.0
0.0
0.0
0.0
0.0
0.0
0.0
0.0
0.0
0.0
0.0
0.0
0.0
0.0
0.0
0.0
0.0
0.0
0.0
0.0
0.0
0.0
0.0
0.0
0.0
0.0
0.0
0.0
0.0
0.0
0.0
0.0
0.0
0.0
0.0
0.0
0.0
0.0
0.0
0.0
0.0
0.0
0.0
0.0
0.0
0.0
0.0
0.0
0.0
0.0
0.0
0.0
0.0
0.0
0.0
0.0
0.0
0.0
0.0
0.0
0.0
0.0
0.0
0.0
0.0
0.0
0.0
0.0
0.0
0.0
0.0
0.0
0.0
0.0
0.0
0.0
0.0
0.0
0.0
0.0
0.0
0.0
0.0
0.0
0.0
0.0
0.0
0.0
0.0
0.0
0.0
0.0
0.0
0.0
0.0
0.0
0.0
0.0
0.0
0.0
0.0
0.0
0.0
0.0
0.0
0.0
0.0
0.0
0.0
0.0
0.0
0.0
0.0
0.0
0.0
0.0
0.0
0.0
0.0
0.0
0.0
0.0
0.0
0.0
0.0
0.0
0.0
0.0
0.0
0.0
0.0
0.0
0.0
0.0
0.0
0.0
0.0
0.0
0.0
0.0
0.0
0.0
0.0
0.0
0.0
0.0
0.0
0.0
0.0
0.0
0.0
0.0
0.0
0.0
0.0
0.0
0.0
0.0
0.0
0.0
0.0
0.0
0.0
0.0
0.0
0.0
0.0
0.0
0.0
0.0
0.0
0.0
0.0
0.0
0.0
0.0
0.0
0.0
0.0
0.0
0.0
0.0
0.0
0.0
0.0
0.0
0.0
0.0
0.0
0.0
0.0
0.0
0.0
0.0
0.0
0.0
0.0
0.0
0.0
0.0
0.0
0.0
0.0
0.0
0.0
0.0
0.0
0.0
0.0
0.0
0.0
0.0
0.0
0.0
0.0
0.0
0.0
0.0
0.0
0.0
0.0
0.0
0.0
0.0
0.0
0.0
0.0
0.0
0.0
0.0
0.0
0.0
0.0
0.0
0.0
0.0
0.0
0.0
0.0
0.0
0.0
0.0
0.0
0.0
0.0
0.0
0.0
0.0
0.0
0.0
0.0
0.0
0.0
0.0
0.0
0.0
0.0
0.0
0.0
0.0
0.0
0.0
0.0
0.0
0.0
0.0
0.0
0.0
0.0
0.0
0.0
0.0
0.0
0.0
0.0
0.0
0.0
0.0
0.0
0.0
0.0
0.0
0.0
0.0
0.0
0.0
0.0
0.0
0.0
0.0
0.0
0.0
0.0
0.0
0.0
0.0
0.0
0.0
0.0
0.0
0.0
0.0
0.0
0.0
0.0
0.0
0.0
0.0
0.0
0.0
0.0
0.0
0.0
0.0
0.0
0.0
0.0
0.0
0.0
0.0
0.0
0.0
0.0
0.0
0.0
0.0
0.0
0.0
0.0
0.0
0.0
0.0
0.0
0.0
0.0
0.0
0.0
0.0
0.0
0.0
0.0
0.0
0.0
0.0
0.0
0.0
0.0
0.0
0.0
0.0
0.0
0.0
0.0
0.0
0.0
0.0
0.0
0.0
0.0
0.0
0.0
0.0
0.0
0.0
0.0
0.0
0.0
0.0
0.0
0.0
0.0
0.0
0.0
0.0
0.0
0.0
0.0
0.0
0.0
0.0
0.0
0.0
0.0
0.0
0.0
0.0
0.0
0.0
0.0
0.0
0.0
0.0
0.0
0.0
0.0
0.0
0.0
0.0
0.0
0.0
0.0
0.0
0.0
0.0
0.0
0.0
0.0
0.0
0.0
0.0
0.0
0.0
0.0
0.0
0.0
0.0
0.0
0.0
0.0
0.0
0.0
0.0
0.0
0.0
0.0
0.0
0.0
0.0
0.0
0.0
0.0
0.0
0.0
0.0
0.0
0.0
0.0
0.0
0.0
0.0
0.0
0.0
0.0
0.0
0.0
0.0
0.0
0.0
0.0
0.0
0.0
0.0
0.0
0.0
0.0
0.0
0.0
0.0
0.0
0.0
0.0
0.0
0.0
0.0
0.0
0.0
0.0
0.0
0.0
0.0
0.0
0.0
0.0
0.0
0.0
0.0
0.0
0.0
0.0
0.0
0.0
0.0
0.0
0.0
0.0
0.0
0.0
0.0
0.0
0.0
0.0
0.0
0.0
0.0
0.0
0.0
0.0
0.0
0.0
0.0
0.0
0.0
0.0
0.0
0.0
0.0
0.0
0.0
0.0
0.0
0.0
0.0
0.0
0.0
0.0
0.0
0.0
0.0
0.0
0.0
0.0
0.0
0.0
0.0
0.0
0.0
0.0
0.0
0.0
0.0
0.0
0.0
0.0
0.0
0.0
0.0
0.0
0.0
0.0
0.0
0.0
0.0
0.0
0.0
0.0
0.0
0.0
0.0
0.0
0.0
0.0
0.0
0.0
0.0
0.0
0.0
0.0
0.0
0.0
0.0
0.0
0.0
0.0
0.0
0.0
0.0
0.0
0.0
0.0
0.0
0.0
0.0
0.0
0.0
0.0
0.0
0.0
0.0
0.0
0.0
0.0
0.0
0.0
0.0
0.0
0.0
0.0
0.0
0.0
0.0
0.0
0.0
0.0
0.0
0.0
0.0
0.0
0.0
0.0
0.0
0.0
0.0
0.0
0.0
0.0
0.0
0.0
0.0
0.0
0.0
0.0
0.0
0.0
0.0
0.0
0.0
0.0
0.0
0.0
0.0
0.0
0.0
0.0
0.0
0.0
0.0
0.0
0.0
0.0
0.0
0.0
0.0
0.0
0.0
0.0
0.0
0.0
0.0
0.0
0.0
0.0
0.0
0.0
0.0
0.0
0.0
0.0
0.0
0.0
0.0
0.0
0.0
0.0
0.0
0.0
0.0
0.0
0.0
0.0
0.0
0.0
0.0
0.0
0.0
0.0
0.0
0.0
0.0
0.0
0.0
0.0
0.0
0.0
0.0
0.0
0.0
0.0
0.0
0.0
0.0
0.0
0.0
0.0
0.0
0.0
0.0
0.0
0.0
0.0
0.0
0.0
0.0
0.0
0.0
0.0
0.0
0.0
0.0
0.0
0.0
0.0
0.0
0.0
0.0
0.0
0.0
0.0
0.0
0.0
0.0
0.0
0.0
0.0
0.0
0.0
0.0
0.0
0.0
0.0
0.0
0.0
0.0
0.0
0.0
0.0
0.0
0.0
0.0
0.0
0.0
0.0
0.0
0.0
0.0
0.0
0.0
0.0
0.0
0.0
0.0
0.0
0.0
0.0
0.0
0.0
0.0
0.0
0.0
0.0
0.0
0.0
0.0
0.0
0.0
0.0
0.0
0.0
0.0
0.0
0.0
0.0
0.0
0.0
0.0
0.0
0.0
0.0
0.0
0.0
0.0
0.0
0.0
0.0
0.0
0.0
0.0
0.0
0.0
0.0
0.0
0.0
0.0
0.0
0.0
0.0
0.0
0.0
0.0
0.0
0.0
0.0
0.0
0.0
0.0
0.0
0.0
0.0
0.0
0.0
0.0
0.0
0.0
0.0
0.0
0.0
0.0
0.0
0.0
0.0
0.0
0.0
0.0
0.0
0.0
0.0
0.0
0.0
0.0
0.0
0.0
0.0
0.0
0.0
0.0
0.0
0.0
0.0
0.0
0.0
0.0
0.0
0.0
0.0
0.0
0.0
0.0
0.0
0.0
0.0
0.0
0.0
0.0
0.0
0.0
0.0
0.0
0.0
0.0
0.0
0.0
0.0
0.0
0.0
0.0
0.0
0.0
0.0
0.0
0.0
0.0
0.0
0.0
0.0
0.0
0.0
0.0
0.0
0.0
0.0
0.0
0.0
0.0
0.0
0.0
0.0
0.0
0.0
0.0
0.0
0.0
0.0
0.0
0.0
0.0
0.0
0.0
0.0
0.0
0.0
0.0
0.0
0.0
0.0
0.0
0.0
0.0
0.0
0.0
0.0
0.0
0.0
0.0
0.0
0.0
0.0
0.0
0.0
0.0
0.0
0.0
0.0
0.0
0.0
0.0
0.0
0.0
0.0
0.0
0.0
0.0
0.0
0.0
0.0
0.0
0.0
0.0
0.0
0.0
0.0
0.0
0.0
0.0
0.0
0.0
0.0
0.0
0.0
0.0
0.0
0.0
0.0
0.0
0.0
0.0
0.0
0.0
0.0
0.0
0.0
0.0
0.0
0.0
0.0
0.0
0.0
0.0
0.0
0.0
0.0
0.0
0.0
0.0
0.0
0.0
0.0
0.0
0.0
0.0
0.0
0.0
0.0
0.0
0.0
0.0
0.0
0.0
0.0
0.0
0.0
0.0
0.0
0.0
0.0
0.0
0.0
0.0
0.0
0.0
0.0
0.0
0.0
0.0
0.0
0.0
0.0
0.0
0.0
0.0
0.0
0.0
0.0
0.0
0.0
0.0
0.0
0.0
0.0
0.0
0.0
0.0
0.0
0.0
0.0
0.0
0.0
0.0
0.0
0.0
0.0
0.0
0.0
0.0
0.0
0.0
0.0
0.0
0.0
0.0
0.0
0.0
0.0
0.0
0.0
0.0
0.0
0.0
0.0
0.0
0.0
0.0
0.0
0.0
0.0
0.0
0.0
0.0
0.0
0.0
0.0
0.0
0.0
0.0
0.0
0.0
0.0
0.0
0.0
0.0
0.0
0.0
0.0
0.0
0.0
0.0
0.0
0.0
0.0
0.0
0.0
0.0
0.0
0.0
0.0
0.0
0.0
0.0
0.0
0.0
0.0
0.0
0.0
0.0
0.0
0.0
0.0
0.0
0.0
0.0
0.0
0.0
0.0
0.0
0.0
0.0
0.0
0.0
0.0
0.0
0.0
0.0
0.0
0.0
0.0
0.0
0.0
0.0
0.0
0.0
0.0
0.0
0.0
0.0
0.0
0.0
0.0
0.0
0.0
0.0
0.0
0.0
0.0
0.0
0.0
0.0
0.0
0.0
0.0
0.0
0.0
0.0
0.0
0.0
0.0
0.0
0.0
0.0
0.0
0.0
0.0
0.0
0.0
0.0
0.0
0.0
0.0
0.0
0.0
0.0
0.0
0.0
0.0
0.0
0.0
0.0
0.0
0.0
0.0
0.0
0.0
0.0
0.0
0.0
0.0
0.0
0.0
0.0
0.0
0.0
0.0
0.0
0.0
0.0
0.0
0.0
0.0
0.0
0.0
0.0
0.0
0.0
0.0
0.0
0.0
0.0
0.0
0.0
0.0
0.0
0.0
0.0
0.0
0.0
0.0
0.0
0.0
0.0
0.0
0.0
0.0
0.0
0.0
0.0
0.0
0.0
0.0
0.0
0.0
0.0
0.0
0.0
0.0
0.0
0.0
0.0
0.0
0.0
0.0
0.0
0.0
0.0
0.0
0.0
0.0
0.0
0.0
0.0
0.0
0.0
0.0
0.0
0.0
0.0
0.0
0.0
0.0
0.0
0.0
0.0
0.0
0.0
0.0
0.0
0.0
0.0
0.0
0.0
0.0
0.0
0.0
0.0
0.0
0.0
0.0
0.0
0.0
0.0
0.0
0.0
0.0
0.0
0.0
0.0
0.0
0.0
0.0
0.0
0.0
0.0
0.0
0.0
0.0
0.0
0.0
0.0
0.0
0.0
0.0
0.0
0.0
0.0
0.0
0.0
0.0
0.0
0.0
0.0
0.0
0.0
0.0
0.0
0.0
0.0
0.0
0.0
0.0
0.0
0.0
0.0
0.0
0.0
0.0
0.0
0.0
0.0
0.0
0.0
0.0
0.0
0.0
0.0
0.0
0.0
0.0
0.0
0.0
0.0
0.0
0.0
0.0
0.0
0.0
0.0
0.0
0.0
0.0
0.0
0.0
0.0
0.0
0.0
0.0
0.0
0.0
0.0
0.0
0.0
0.0
0.0
0.0
0.0
0.0
0.0
0.0
0.0
0.0
0.0
0.0
0.0
0.0
0.0
0.0
0.0
0.0
0.0
0.0
0.0
0.0
0.0
0.0
0.0
0.0
0.0
0.0
0.0
0.0
0.0
0.0
0.0
0.0
0.0
0.0
0.0
0.0
0.0
0.0
0.0
0.0
0.0
0.0
0.0
0.0
0.0
0.0
0.0
0.0
0.0
0.0
0.0
0.0
0.0
0.0
0.0
0.0
0.0
0.0
0.0
0.0
0.0
0.0
0.0
0.0
0.0
0.0
0.0
0.0
0.0
0.0
0.0
0.0
0.0
0.0
0.0
0.0
0.0
0.0
0.0
0.0
0.0
0.0
0.0
0.0
0.0
0.0
0.0
0.0
0.0
0.0
0.0
0.0
0.0
0.0
0.0
0.0
0.0
0.0
0.0
0.0
0.0
0.0
0.0
0.0
0.0
0.0
0.0
0.0
0.0
0.0
0.0
0.0
0.0
0.0
0.0
0.0
0.0
0.0
0.0
0.0
0.0
0.0
0.0
0.0
0.0
0.0
0.0
0.0
0.0
0.0
0.0
0.0
0.0
0.0
0.0
0.0
0.0
0.0
0.0
0.0
0.0
0.0
0.0
0.0
0.0
0.0
0.0
0.0
0.0
0.0
0.0
0.0
0.0
0.0
0.0
0.0
0.0
0.0
0.0
0.0
0.0
0.0
0.0
0.0
0.0
0.0
0.0
0.0
0.0
0.0
0.0
0.0
0.0
0.0
0.0
0.0
0.0
0.0
0.0
0.0
0.0
0.0
0.0
0.0
0.0
0.0
0.0
0.0
0.0
0.0
0.0
0.0
0.0
0.0
0.0
0.0
0.0
0.0
0.0
0.0
0.0
0.0
0.0
0.0
0.0
0.0
0.0
0.0
0.0
0.0
0.0
0.0
0.0
0.0
0.0
0.0
0.0
0.0
0.0
0.0
0.0
0.0
0.0
0.0
0.0
0.0
0.0
0.0
0.0
0.0
0.0
0.0
0.0
0.0
0.0
0.0
0.0
0.0
0.0
0.0
0.0
0.0
0.0
0.0
0.0
0.0
0.0
0.0
0.0
0.0
0.0
0.0
0.0
0.0
0.0
0.0
0.0
0.0
0.0
0.0
0.0
0.0
0.0
0.0
0.0
0.0
0.0
0.0
0.0
0.0
0.0
0.0
0.0
0.0
0.0
0.0
0.0
0.0
0.0
0.0
0.0
0.0
0.0
0.0
0.0
0.0
0.0
0.0
0.0
0.0
0.0
0.0
0.0
0.0
0.0
0.0
0.0
0.0
0.0
0.0
0.0
0.0
0.0
0.0
0.0
0.0
0.0
0.0
0.0
0.0
0.0
0.0
0.0
0.0
0.0
0.0
0.0
0.0
0.0
0.0
0.0
0.0
0.0
0.0
0.0
0.0
0.0
0.0
0.0
0.0
0.0
0.0
0.0
0.0
0.0
0.0
0.0
0.0
0.0
0.0
0.0
0.0
0.0
0.0
0.0
0.0
0.0
0.0
0.0
0.0
0.0
0.0
0.0
0.0
0.0
0.0
0.0
0.0
0.0
0.0
0.0
0.0
0.0
0.0
0.0
0.0
0.0
0.0
0.0
0.0
0.0
0.0
0.0
0.0
0.0
0.0
0.0
0.0
0.0
0.0
0.0
0.0
0.0
0.0
0.0
0.0
0.0
0.0
0.0
0.0
0.0
0.0
0.0
0.0
0.0
0.0
0.0
0.0
0.0
0.0
0.0
0.0
0.0
0.0
0.0
0.0
0.0
0.0
0.0
0.0
0.0
0.0
0.0
0.0
0.0
0.0
0.0
0.0
0.0
0.0
0.0
0.0
0.0
0.0
0.0
0.0
0.0
0.0
0.0
0.0
0.0
0.0
0.0
0.0
0.0
0.0
0.0
0.0
0.0
0.0
0.0
0.0
0.0
0.0
0.0
0.0
0.0
0.0
0.0
0.0
0.0
0.0
0.0
0.0
0.0
0.0
0.0
0.0
0.0
0.0
0.0
0.0
0.0
0.0
0.0
0.0
0.0
0.0
0.0
0.0
0.0
0.0
0.0
0.0
0.0
0.0
0.0
0.0
0.0
0.0
0.0
0.0
0.0
0.0
0.0
0.0
0.0
0.0
0.0
0.0
0.0
0.0
0.0
0.0
0.0
0.0
0.0
0.0
0.0
0.0
0.0
0.0
0.0
0.0
0.0
0.0
0.0
0.0
0.0
0.0
0.0
0.0
0.0
0.0
0.0
0.0
0.0
0.0
0.0
0.0
0.0
0.0
0.0
0.0
0.0
0.0
0.0
0.0
0.0
0.0
0.0
0.0
0.0
0.0
0.0
0.0
0.0
0.0
0.0
0.0
0.0
0.0
0.0
0.0
0.0
0.0
0.0
0.0
0.0
0.0
0.0
0.0
0.0
0.0
0.0
0.0
0.0
0.0
0.0
0.0
0.0
0.0
0.0
0.0
0.0
0.0
0.0
0.0
0.0
0.0
0.0
0.0
0.0
0.0
0.0
0.0
0.0
0.0
0.0
0.0
0.0
0.0
0.0
0.0
0.0
0.0
0.0
0.0
0.0
0.0
0.0
0.0
0.0
0.0
0.0
0.0
0.0
0.0
0.0
0.0
0.0
0.0
0.0
0.0
0.0
0.0
0.0
0.0
0.0
0.0
0.0
0.0
0.0
0.0
0.0
0.0
0.0
0.0
0.0
0.0
0.0
0.0
0.0
0.0
0.0
0.0
0.0
0.0
0.0
0.0
0.0
0.0
0.0
0.0
0.0
0.0
0.0
0.0
0.0
0.0
0.0
0.0
0.0
0.0
0.0
0.0
0.0
0.0
0.0
0.0
0.0
0.0
0.0
0.0
0.0
0.0
0.0
0.0
0.0
0.0
0.0
0.0
0.0
0.0
0.0
0.0
0.0
0.0
0.0
0.0
0.0
0.0
0.0
0.0
0.0
0.0
0.0
0.0
0.0
0.0
0.0
0.0
0.0
0.0
0.0
0.0
0.0
0.0
0.0
0.0
0.0
0.0
0.0
0.0
0.0
0.0
0.0
0.0
0.0
0.0
0.0
0.0
0.0
0.0
0.0
0.0
0.0
0.0
0.0
0.0
0.0
0.0
0.0
0.0
0.0
0.0
0.0
0.0
0.0
0.0
0.0
0.0
0.0
0.0
0.0
0.0
0.0
0.0
0.0
0.0
0.0
0.0
0.0
0.0
0.0
0.0
0.0
0.0
0.0
0.0
0.0
0.0
0.0
0.0
0.0
0.0
0.0
0.0
0.0
0.0
0.0
0.0
0.0
0.0
0.0
0.0
0.0
0.0
0.0
0.0
0.0
0.0
0.0
0.0
0.0
0.0
0.0
0.0
0.0
0.0
0.0
0.0
0.0
0.0
0.0
0.0
0.0
0.0
0.0
0.0
0.0
0.0
0.0
0.0
0.0
0.0
0.0
0.0
0.0
0.0
0.0
0.0
0.0
0.0
0.0
0.0
0.0
0.0
0.0
0.0
0.0
0.0
0.0
0.0
0.0
0.0
0.0
0.0
0.0
0.0
0.0
0.0
0.0
0.0
0.0
0.0
0.0
0.0
0.0
0.0
0.0
0.0
0.0
0.0
0.0
0.0
0.0
0.0
0.0
0.0
0.0
0.0
0.0
0.0
0.0
0.0
0.0
0.0
0.0
0.0
0.0
0.0
0.0
0.0
0.0
0.0
0.0
0.0
0.0
0.0
0.0
0.0
0.0
0.0
0.0
0.0
0.0
0.0
0.0
0.0
0.0
0.0
0.0
0.0
0.0
0.0
0.0
0.0
0.0
0.0
0.0
0.0
0.0
0.0
0.0
0.0
0.0
0.0
0.0
0.0
0.0
0.0
0.0
0.0
0.0
0.0
0.0
0.0
0.0
0.0
0.0
0.0
0.0
0.0
0.0
0.0
0.0
0.0
0.0
0.0
0.0
0.0
0.0
0.0
0.0
0.0
0.0
0.0
0.0
0.0
0.0
0.0
0.0
0.0
0.0
0.0
0.0
0.0
0.0
0.0
0.0
0.0
0.0
0.0
0.0
0.0
0.0
0.0
0.0
0.0
0.0
0.0
0.0
0.0
0.0
0.0
0.0
0.0
0.0
0.0
0.0
0.0
0.0
0.0
0.0
0.0
0.0
0.0
0.0
0.0
0.0
0.0
0.0
0.0
0.0
0.0
0.0
0.0
0.0
0.0
0.0
0.0
0.0
0.0
0.0
0.0
0.0
0.0
0.0
0.0
0.0
0.0
0.0
0.0
0.0
0.0
0.0
0.0
0.0
0.0
0.0
0.0
0.0
0.0
0.0
0.0
0.0
0.0
0.0
0.0
0.0
0.0
0.0
0.0
0.0
0.0
0.0
0.0
0.0
0.0
0.0
0.0
0.0
0.0
0.0
0.0
0.0
0.0
0.0
0.0
0.0
0.0
0.0
0.0
0.0
0.0
0.0
0.0
0.0
0.0
0.0
0.0
0.0
0.0
0.0
0.0
0.0
0.0
0.0
0.0
0.0
0.0
0.0
0.0
0.0
0.0
0.0
0.0
0.0
0.0
0.0
0.0
0.0
0.0
0.0
0.0
0.0
0.0
0.0
0.0
0.0
0.0
0.0
0.0
0.0
0.0
0.0
0.0
0.0
0.0
0.0
0.0
0.0
0.0
0.0
0.0
0.0
0.0
0.0
0.0
0.0
0.0
0.0
0.0
0.0
0.0
0.0
0.0
0.0
0.0
0.0
0.0
0.0
0.0
0.0
0.0
0.0
0.0
0.0
0.0
0.0
0.0
0.0
0.0
0.0
0.0
0.0
0.0
0.0
0.0
0.0
0.0
0.0
0.0
0.0
0.0
0.0
0.0
0.0
0.0
0.0
0.0
0.0
0.0
0.0
0.0
0.0
0.0
0.0
0.0
0.0
0.0
0.0
0.0
0.0
0.0
0.0
0.0
0.0
0.0
0.0
0.0
0.0
0.0
0.0
0.0
0.0
0.0
0.0
0.0
0.0
0.0
0.0
0.0
0.0
0.0
0.0
0.0
0.0
0.0
0.0
0.0
0.0
0.0
0.0
0.0
0.0
0.0
0.0
0.0
0.0
0.0
0.0
0.0
0.0
0.0
0.0
0.0
0.0
0.0
0.0
0.0
0.0
0.0
0.0
0.0
0.0
0.0
0.0
0.0
0.0
0.0
0.0
0.0
0.0
0.0
0.0
0.0
0.0
0.0
0.0
0.0
0.0
0.0
0.0
0.0
0.0
0.0
0.0
0.0
0.0
0.0
0.0
0.0
0.0
0.0
0.0
0.0
0.0
0.0
0.0
0.0
0.0
0.0
0.0
0.0
0.0
0.0
0.0
0.0
0.0
0.0
0.0
0.0
0.0
0.0
0.0
0.0
0.0
0.0
0.0
0.0
0.0
0.0
0.0
0.0
0.0
0.0
0.0
0.0
0.0
0.0
0.0
0.0
0.0
0.0
0.0
0.0
0.0
0.0
0.0
0.0
0.0
0.0
0.0
0.0
0.0
0.0
0.0
0.0
0.0
0.0
0.0
0.0
0.0
0.0
0.0
0.0
0.0
0.0
0.0
0.0
0.0
0.0
0.0
0.0
0.0
0.0
0.0
0.0
0.0
0.0
0.0
0.0
0.0
0.0
0.0
0.0
0.0
0.0
0.0
0.0
0.0
0.0
0.0
0.0
0.0
0.0
0.0
0.0
0.0
0.0
0.0
0.0
0.0
0.0
0.0
0.0
0.0
0.0
0.0
0.0
0.0
0.0
0.0
0.0
0.0
0.0
0.0
0.0
0.0
0.0
0.0
0.0
0.0
0.0
0.0
0.0
0.0
0.0
0.0
0.0
0.0
0.0
0.0
0.0
0.0
0.0
0.0
0.0
0.0
0.0
0.0
0.0
0.0
0.0
0.0
0.0
0.0
0.0
0.0
0.0
0.0
0.0
0.0
0.0
0.0
0.0
0.0
0.0
0.0
0.0
0.0
0.0
0.0
0.0
0.0
0.0
0.0
0.0
0.0
0.0
0.0
0.0
0.0
0.0
0.0
0.0
0.0
0.0
0.0
0.0
0.0
0.0
0.0
0.0
0.0
0.0
0.0
0.0
0.0
0.0
0.0
0.0
0.0
0.0
0.0
0.0
0.0
0.0
0.0
0.0
0.0
0.0
0.0
0.0
0.0
0.0
0.0
0.0
0.0
0.0
0.0
0.0
0.0
0.0
0.0
0.0
0.0
0.0
0.0
0.0
0.0
0.0
0.0
0.0
0.0
0.0
0.0
0.0
0.0
0.0
0.0
0.0
0.0
0.0
0.0
0.0
0.0
0.0
0.0
0.0
0.0
0.0
0.0
0.0
0.0
0.0
0.0
0.0
0.0
0.0
0.0
0.0
0.0
0.0
0.0
0.0
0.0
0.0
0.0
0.0
0.0
0.0
0.0
0.0
0.0
0.0
0.0
0.0
0.0
0.0
0.0
0.0
0.0
0.0
0.0
0.0
0.0
0.0
0.0
0.0
0.0
0.0
0.0
0.0
0.0
0.0
0.0
0.0
0.0
0.0
0.0
0.0
0.0
0.0
0.0
0.0
0.0
0.0
0.0
0.0
0.0
0.0
0.0
0.0
0.0
0.0
0.0
0.0
0.0
0.0
0.0
0.0
0.0
0.0
0.0
0.0
0.0
0.0
0.0
0.0
0.0
0.0
0.0
0.0
0.0
0.0
0.0
0.0
0.0
0.0
0.0
0.0
0.0
0.0
0.0
0.0
0.0
0.0
0.0
0.0
0.0
0.0
0.0
0.0
0.0
0.0
0.0
0.0
0.0
0.0
0.0
0.0
0.0
0.0
0.0
0.0
0.0
0.0
0.0
0.0
0.0
0.0
0.0
0.0
0.0
0.0
0.0
0.0
0.0
0.0
0.0
0.0
0.0
0.0
0.0
0.0
0.0
0.0
0.0
0.0
0.0
0.0
0.0
0.0
0.0
0.0
0.0
0.0
0.0
0.0
0.0
0.0
0.0
0.0
0.0
0.0
0.0
0.0
0.0
0.0
0.0
0.0
0.0
0.0
0.0
0.0
0.0
0.0
0.0
0.0
0.0
0.0
0.0
0.0
0.0
0.0
0.0
0.0
0.0
0.0
0.0
0.0
0.0
0.0
0.0
0.0
0.0
0.0
0.0
0.0
0.0
0.0
0.0
0.0
0.0
0.0
0.0
0.0
0.0
0.0
0.0
0.0
0.0
0.0
0.0
0.0
0.0
0.0
0.0
0.0
0.0
0.0
0.0
0.0
0.0
0.0
0.0
0.0
0.0
0.0
0.0
0.0
0.0
0.0
0.0
0.0
0.0
0.0
0.0
0.0
0.0
0.0
0.0
0.0
0.0
0.0
0.0
0.0
0.0
0.0
0.0
0.0
0.0
0.0
0.0
0.0
0.0
0.0
0.0
0.0
0.0
0.0
0.0
0.0
0.0
0.0
0.0
0.0
0.0
0.0
0.0
0.0
0.0
0.0
0.0
0.0
0.0
0.0
0.0
0.0
0.0
0.0
0.0
0.0
0.0
0.0
0.0
0.0
0.0
0.0
0.0
0.0
0.0
0.0
0.0
0.0
0.0
0.0
0.0
0.0
0.0
0.0
0.0
0.0
0.0
0.0
0.0
0.0
0.0
0.0
0.0
0.0
0.0
0.0
0.0
0.0
0.0
0.0
0.0
0.0
0.0
0.0
0.0
0.0
0.0
0.0
0.0
0.0
0.0
0.0
0.0
0.0
0.0
0.0
0.0
0.0
0.0
0.0
0.0
0.0
0.0
0.0
0.0
0.0
0.0
0.0
0.0
0.0
0.0
0.0
0.0
0.0
0.0
0.0
0.0
0.0
0.0
0.0
0.0
0.0
0.0
0.0
0.0
0.0
0.0
0.0
0.0
0.0
0.0
0.0
0.0
0.0
0.0
0.0
0.0
0.0
0.0
0.0
0.0
0.0
0.0
0.0
0.0
0.0
0.0
0.0
0.0
0.0
0.0
0.0
0.0
0.0
0.0
0.0
0.0
0.0
0.0
0.0
0.0
0.0
0.0
0.0
0.0
0.0
0.0
0.0
0.0
0.0
0.0
0.0
0.0
0.0
0.0
0.0
0.0
0.0
0.0
0.0
0.0
0.0
0.0
0.0
0.0
0.0
0.0
0.0
0.0
0.0
0.0
0.0
0.0
0.0
0.0
0.0
0.0
0.0
0.0
0.0
0.0
0.0
0.0
0.0
0.0
0.0
0.0
0.0
0.0
0.0
0.0
0.0
0.0
0.0
0.0
0.0
0.0
0.0
0.0
0.0
0.0
0.0
0.0
0.0
0.0
0.0
0.0
0.0
0.0
0.0
0.0
0.0
0.0
0.0
0.0
0.0
0.0
0.0
0.0
0.0
0.0
0.0
0.0
0.0
0.0
0.0
0.0
0.0
0.0
0.0
0.0
0.0
0.0
0.0
0.0
0.0
0.0
0.0
0.0
0.0
0.0
0.0
0.0
0.0
0.0
0.0
0.0
0.0
0.0
0.0
0.0
0.0
0.0
0.0
0.0
0.0
0.0
0.0
0.0
0.0
0.0
0.0
0.0
0.0
0.0
0.0
0.0
0.0
0.0
0.0
0.0
0.0
0.0
0.0
0.0
0.0
0.0
0.0
0.0
0.0
0.0
0.0
0.0
0.0
0.0
0.0
0.0
0.0
0.0
0.0
0.0
0.0
0.0
0.0
0.0
0.0
0.0
0.0
0.0
0.0
0.0
0.0
0.0
0.0
0.0
0.0
0.0
0.0
0.0
0.0
0.0
0.0
0.0
0.0
0.0
0.0
0.0
0.0
0.0
0.0
0.0
0.0
0.0
0.0
0.0
0.0
0.0
0.0
0.0
0.0
0.0
0.0
0.0
0.0
0.0
0.0
0.0
0.0
0.0
0.0
0.0
0.0
0.0
0.0
0.0
0.0
0.0
0.0
0.0
0.0
0.0
0.0
0.0
0.0
0.0
0.0
0.0
0.0
0.0
0.0
0.0
0.0
0.0
0.0
0.0
0.0
0.0
0.0
0.0
0.0
0.0
0.0
0.0
0.0
0.0
0.0
0.0
0.0
0.0
0.0
0.0
0.0
0.0
0.0
0.0
0.0
0.0
0.0
0.0
0.0
0.0
0.0
0.0
0.0
0.0
0.0
0.0
0.0
0.0
0.0
0.0
0.0
0.0
0.0
0.0
0.0
0.0
0.0
0.0
0.0
0.0
0.0
0.0
0.0
0.0
0.0
0.0
0.0
0.0
0.0
0.0
0.0
0.0
0.0
0.0
0.0
0.0
0.0
0.0
0.0
0.0
0.0
0.0
0.0
0.0
0.0
0.0
0.0
0.0
0.0
0.0
0.0
0.0
0.0
0.0
0.0
0.0
0.0
0.0
0.0
0.0
0.0
0.0
0.0
0.0
0.0
0.0
0.0
0.0
0.0
0.0
0.0
0.0
0.0
0.0
0.0
0.0
0.0
0.0
0.0
0.0
0.0
0.0
0.0
0.0
0.0
0.0
0.0
0.0
0.0
0.0
0.0
0.0
0.0
0.0
0.0
0.0
0.0
0.0
0.0
0.0
0.0
0.0
0.0
0.0
0.0
0.0
0.0
0.0
0.0
0.0
0.0
0.0
0.0
0.0
0.0
0.0
0.0
0.0
0.0
0.0
0.0
0.0
0.0
0.0
0.0
0.0
0.0
0.0
0.0
0.0
0.0
0.0
0.0
0.0
0.0
0.0
0.0
0.0
0.0
0.0
0.0
0.0
0.0
0.0
0.0
0.0
0.0
0.0
0.0
0.0
0.0
0.0
0.0
0.0
0.0
0.0
0.0
0.0
0.0
0.0
0.0
0.0
0.0
0.0
0.0
0.0
0.0
0.0
0.0
0.0
0.0
0.0
0.0
0.0
0.0
0.0
0.0
0.0
0.0
0.0
0.0
0.0
0.0
0.0
0.0
0.0
0.0
0.0
0.0
0.0
0.0
0.0
0.0
0.0
0.0
0.0
0.0
0.0
0.0
0.0
0.0
0.0
0.0
0.0
0.0
0.0
0.0
0.0
0.0
0.0
0.0
0.0
0.0
0.0
0.0
0.0
0.0
0.0
0.0
0.0
0.0
0.0
0.0
0.0
0.0
0.0
0.0
0.0
0.0
0.0
0.0
0.0
0.0
0.0
0.0
0.0
0.0
0.0
0.0
0.0
0.0
0.0
0.0
0.0
0.0
0.0
0.0
0.0
0.0
0.0
0.0
0.0
0.0
0.0
0.0
0.0
0.0
0.0
0.0
0.0
0.0
0.0
0.0
0.0
0.0
0.0
0.0
0.0
0.0
0.0
0.0
0.0
0.0
0.0
0.0
0.0
0.0
0.0
0.0
0.0
0.0
0.0
0.0
0.0
0.0
0.0
0.0
0.0
0.0
0.0
0.0
0.0
0.0
0.0
0.0
0.0
0.0
0.0
0.0
0.0
0.0
0.0
0.0
0.0
0.0
0.0
0.0
0.0
0.0
0.0
0.0
0.0
0.0
0.0
0.0
0.0
0.0
0.0
0.0
0.0
0.0
0.0
0.0
0.0
0.0
0.0
0.0
0.0
0.0
0.0
0.0
0.0
0.0
0.0
0.0
0.0
0.0
0.0
0.0
0.0
0.0
0.0
0.0
0.0
0.0
0.0
0.0
0.0
0.0
0.0
0.0
0.0
0.0
0.0
0.0
0.0
0.0
0.0
0.0
0.0
0.0
0.0
0.0
0.0
0.0
0.0
0.0
0.0
0.0
0.0
0.0
0.0
0.0
0.0
0.0
0.0
0.0
0.0
0.0
0.0
0.0
0.0
0.0
0.0
0.0
0.0
0.0
0.0
0.0
0.0
0.0
0.0
0.0
0.0
0.0
0.0
0.0
0.0
0.0
0.0
0.0
0.0
0.0
0.0
0.0
0.0
0.0
0.0
0.0
0.0
0.0
0.0
0.0
0.0
0.0
0.0
0.0
0.0
0.0
0.0
0.0
0.0
0.0
0.0
0.0
0.0
0.0
0.0
0.0
0.0
0.0
0.0
0.0
0.0
0.0
0.0
0.0
0.0
0.0
0.0
0.0
0.0
0.0
0.0
0.0
0.0
0.0
0.0
0.0
0.0
0.0
0.0
0.0
0.0
0.0
0.0
0.0
0.0
0.0
0.0
0.0
0.0
0.0
0.0
0.0
0.0
0.0
0.0
0.0
0.0
0.0
0.0
0.0
0.0
0.0
0.0
0.0
0.0
0.0
0.0
0.0
0.0
0.0
0.0
